23:07:12 **** Incremental Build of configuration Nios II for project Prj3 ****
make all 
Info: Building ../Prj3_bsp/
D:/intelFPGA_lite/18.1/nios2eds/bin/gnu/H-x86_64-mingw32/bin/make --no-print-directory -C ../Prj3_bsp/
[BSP build complete]
[Prj3 build complete]
16:09:15 **** Build of configuration Nios II for project Prj3 ****
make all 
Info: Building ../Prj3_bsp/
D:/intelFPGA_lite/18.1/nios2eds/bin/gnu/H-x86_64-mingw32/bin/make --no-print-directory -C ../Prj3_bsp/
[BSP build complete]
[Prj3 build complete]
16:09:18 **** Incremental Build of configuration Nios II for project Prj3 ****
make all 
Info: Building ../Prj3_bsp/
D:/intelFPGA_lite/18.1/nios2eds/bin/gnu/H-x86_64-mingw32/bin/make --no-print-directory -C ../Prj3_bsp/
[BSP build complete]
[Prj3 build complete]
14:56:52 **** Build of configuration Nios II for project Prj3 ****
make all 
Info: Building ../Prj3_bsp/
D:/intelFPGA_lite/18.1/nios2eds/bin/gnu/H-x86_64-mingw32/bin/make --no-print-directory -C ../Prj3_bsp/
[BSP build complete]
[Prj3 build complete]
14:57:12 **** Incremental Build of configuration Nios II for project Prj3 ****
make all 
Info: Building ../Prj3_bsp/
D:/intelFPGA_lite/18.1/nios2eds/bin/gnu/H-x86_64-mingw32/bin/make --no-print-directory -C ../Prj3_bsp/
[BSP build complete]
[Prj3 build complete]
15:16:23 **** Build of configuration Nios II for project Prj3 ****
make all 
Info: Building ../Prj3_bsp/
D:/intelFPGA_lite/18.1/nios2eds/bin/gnu/H-x86_64-mingw32/bin/make --no-print-directory -C ../Prj3_bsp/
[BSP build complete]
Info: Compiling source.c to obj/default/source.o
nios2-elf-gcc -xc -MP -MMD -c -I../Prj3_bsp//HAL/inc -I../Prj3_bsp/ -I../Prj3_bsp//drivers/inc  -pipe -D__hal__ -DALT_NO_INSTRUCTION_EMULATION -DALT_USE_SMALL_DRIVERS -DSMALL_C_LIB -DALT_SINGLE_THREADED    -O0 -g -Wall   -mno-hw-div -mno-hw-mul -mno-hw-mulx -mgpopt=global  -o obj/default/source.o source.c
Info: Linking Prj3.elf
nios2-elf-g++  -T'../Prj3_bsp//linker.x' -msys-crt0='../Prj3_bsp//obj/HAL/src/crt0.o' -msys-lib=hal_bsp -L../Prj3_bsp/  -msmallc  -Wl,-Map=Prj3.map   -O0 -g -Wall   -mno-hw-div -mno-hw-mul -mno-hw-mulx -mgpopt=global  -o Prj3.elf obj/default/source.o -lm -msys-lib=m
nios2-elf-insert Prj3.elf --thread_model hal --cpu_name nios2_gen2_0 --qsys true --simulation_enabled false --stderr_dev jtag_uart_0 --stdin_dev jtag_uart_0 --stdout_dev jtag_uart_0 --sopc_system_name system --quartus_project_dir "D:/Quartus/SoC-Prj3" --jdi ../..//output_files/Prj3.jdi --sopcinfo D:/Quartus/SoC-Prj3/Software/Prj3_bsp/../../system.sopcinfo
Info: (Prj3.elf) 9036 Bytes program size (code + initialized data).
Info:            22 KBytes free for stack + heap.
Info: Creating Prj3.objdump
nios2-elf-objdump --disassemble --syms --all-header --source Prj3.elf >Prj3.objdump
[Prj3 build complete]
15:16:41 **** Incremental Build of configuration Nios II for project Prj3 ****
make all 
Info: Building ../Prj3_bsp/
D:/intelFPGA_lite/18.1/nios2eds/bin/gnu/H-x86_64-mingw32/bin/make --no-print-directory -C ../Prj3_bsp/
[BSP build complete]
[Prj3 build complete]
